  [4;36;1mSQL (0.1ms)[0m   [0;1mSET NAMES 'utf8'[0m
  [4;35;1mSQL (0.1ms)[0m   [0mSET SQL_AUTO_IS_NULL=0[0m
  [4;36;1mSQL (0.2ms)[0m   [0;1mSHOW TABLES[0m
  [4;35;1mSQL (50.0ms)[0m   [0mCREATE TABLE `schema_migrations` (`version` varchar(255) NOT NULL) ENGINE=InnoDB[0m
  [4;36;1mSQL (23.2ms)[0m   [0;1mCREATE UNIQUE INDEX `unique_schema_migrations` ON `schema_migrations` (`version`)[0m
  [4;35;1mSQL (0.2ms)[0m   [0mSHOW TABLES[0m
  [4;36;1mSQL (0.2ms)[0m   [0;1mSELECT version FROM schema_migrations[0m
Migrating to CreateDishes (20100416122025)
  [4;35;1mSQL (1.5ms)[0m   [0mCREATE TABLE `dishes` (`id` int(11) DEFAULT NULL auto_increment PRIMARY KEY, `title` varchar(255), `ingredients` text, `instructions` text, `created_at` datetime, `updated_at` datetime) ENGINE=InnoDB[0m
  [4;36;1mSQL (0.3ms)[0m   [0;1mINSERT INTO schema_migrations (version) VALUES ('20100416122025')[0m
  [4;35;1mSQL (0.2ms)[0m   [0mSHOW TABLES[0m
  [4;36;1mSQL (0.1ms)[0m   [0;1mSELECT version FROM schema_migrations[0m
  [4;35;1mSQL (0.1ms)[0m   [0mSHOW TABLES[0m
  [4;36;1mSQL (0.7ms)[0m   [0;1mSHOW FIELDS FROM `dishes`[0m
  [4;35;1mSQL (0.5ms)[0m   [0mdescribe `dishes`[0m
  [4;36;1mSQL (0.2ms)[0m   [0;1mSHOW KEYS FROM `dishes`[0m
  [4;36;1mSQL (0.1ms)[0m   [0;1mSET NAMES 'utf8'[0m
  [4;35;1mSQL (0.1ms)[0m   [0mSET SQL_AUTO_IS_NULL=0[0m


Processing ApplicationController#index (for 127.0.0.1 at 2010-04-16 15:23:09) [GET]

ActionController::RoutingError (No route matches "/" with {:method=>:get}):
  

Rendering rescues/layout (not_found)
  [4;36;1mSQL (0.1ms)[0m   [0;1mSET NAMES 'utf8'[0m
  [4;35;1mSQL (0.1ms)[0m   [0mSET SQL_AUTO_IS_NULL=0[0m


Processing DishesController#index (for 127.0.0.1 at 2010-04-16 15:24:16) [GET]
  [4;36;1mDish Load (0.4ms)[0m   [0;1mSELECT * FROM `dishes` [0m
Rendering template within layouts/dishes
Rendering dishes/index
Completed in 47ms (View: 39, DB: 1) | 200 OK [http://localhost/]
  [4;35;1mSQL (0.1ms)[0m   [0mSET NAMES 'utf8'[0m
  [4;36;1mSQL (0.1ms)[0m   [0;1mSET SQL_AUTO_IS_NULL=0[0m


Processing DishesController#new (for 127.0.0.1 at 2010-04-16 15:24:25) [GET]
  [4;35;1mDish Columns (0.8ms)[0m   [0mSHOW FIELDS FROM `dishes`[0m
Rendering template within layouts/dishes
Rendering dishes/new
Completed in 22ms (View: 14, DB: 1) | 200 OK [http://localhost/dishes/new]
  [4;36;1mSQL (0.1ms)[0m   [0;1mSET NAMES 'utf8'[0m
  [4;35;1mSQL (0.1ms)[0m   [0mSET SQL_AUTO_IS_NULL=0[0m


Processing DishesController#create (for 127.0.0.1 at 2010-04-16 15:25:02) [POST]
  Parameters: {"commit"=>"Create", "authenticity_token"=>"rWUqSbkd/E5xux6CxBsqDR537hTc5foGFZJSse4Mz4Y=", "dish"=>{"title"=>"Spagetti", "ingredients"=>"Spagetti\r\nSouce\r\nTomatos", "instructions"=>"Put spagetti to the cool water"}}
  [4;36;1mDish Columns (0.7ms)[0m   [0;1mSHOW FIELDS FROM `dishes`[0m
  [4;35;1mSQL (0.1ms)[0m   [0mBEGIN[0m
  [4;36;1mDish Create (0.2ms)[0m   [0;1mINSERT INTO `dishes` (`created_at`, `title`, `updated_at`, `ingredients`, `instructions`) VALUES('2010-04-16 12:25:02', 'Spagetti', '2010-04-16 12:25:02', 'Spagetti\r\nSouce\r\nTomatos', 'Put spagetti to the cool water')[0m
  [4;35;1mSQL (4.8ms)[0m   [0mCOMMIT[0m
Redirected to http://localhost:3000/dishes/1
Completed in 18ms (DB: 6) | 302 Found [http://localhost/dishes]
  [4;36;1mSQL (0.2ms)[0m   [0;1mSET NAMES 'utf8'[0m
  [4;35;1mSQL (0.2ms)[0m   [0mSET SQL_AUTO_IS_NULL=0[0m


Processing DishesController#show (for 127.0.0.1 at 2010-04-16 15:25:02) [GET]
  Parameters: {"id"=>"1"}
  [4;36;1mDish Columns (0.8ms)[0m   [0;1mSHOW FIELDS FROM `dishes`[0m
  [4;35;1mDish Load (0.2ms)[0m   [0mSELECT * FROM `dishes` WHERE (`dishes`.`id` = 1) [0m
Rendering template within layouts/dishes
Rendering dishes/show
Completed in 22ms (View: 13, DB: 1) | 200 OK [http://localhost/dishes/1]
  [4;36;1mSQL (0.1ms)[0m   [0;1mSET NAMES 'utf8'[0m
  [4;35;1mSQL (0.1ms)[0m   [0mSET SQL_AUTO_IS_NULL=0[0m


Processing DishesController#edit (for 127.0.0.1 at 2010-04-16 15:25:08) [GET]
  Parameters: {"id"=>"1"}
  [4;36;1mDish Columns (1.0ms)[0m   [0;1mSHOW FIELDS FROM `dishes`[0m
  [4;35;1mDish Load (0.1ms)[0m   [0mSELECT * FROM `dishes` WHERE (`dishes`.`id` = 1) [0m
Rendering template within layouts/dishes
Rendering dishes/edit
Completed in 77ms (View: 15, DB: 1) | 200 OK [http://localhost/dishes/1/edit]
  [4;36;1mSQL (0.1ms)[0m   [0;1mSET NAMES 'utf8'[0m
  [4;35;1mSQL (0.1ms)[0m   [0mSET SQL_AUTO_IS_NULL=0[0m


Processing DishesController#index (for 127.0.0.1 at 2010-04-16 15:25:10) [GET]
  [4;36;1mDish Load (0.3ms)[0m   [0;1mSELECT * FROM `dishes` [0m
Rendering template within layouts/dishes
Rendering dishes/index
  [4;35;1mDish Columns (0.7ms)[0m   [0mSHOW FIELDS FROM `dishes`[0m
Completed in 18ms (View: 9, DB: 1) | 200 OK [http://localhost/dishes]
  [4;36;1mSQL (0.1ms)[0m   [0;1mSET NAMES 'utf8'[0m
  [4;35;1mSQL (0.1ms)[0m   [0mSET SQL_AUTO_IS_NULL=0[0m
  [4;36;1mSQL (0.2ms)[0m   [0;1mSHOW TABLES[0m
  [4;35;1mSQL (0.1ms)[0m   [0mSELECT version FROM schema_migrations[0m
Migrating to CreateDishes (20100416122025)
Migrating to CreateCategories (20100416122723)
  [4;36;1mSQL (14.1ms)[0m   [0;1mCREATE TABLE `categories` (`id` int(11) DEFAULT NULL auto_increment PRIMARY KEY, `title` varchar(255), `created_at` datetime, `updated_at` datetime) ENGINE=InnoDB[0m
  [4;35;1mSQL (0.3ms)[0m   [0mINSERT INTO schema_migrations (version) VALUES ('20100416122723')[0m
  [4;36;1mSQL (0.2ms)[0m   [0;1mSHOW TABLES[0m
  [4;35;1mSQL (0.1ms)[0m   [0mSELECT version FROM schema_migrations[0m
  [4;36;1mSQL (0.1ms)[0m   [0;1mSHOW TABLES[0m
  [4;35;1mSQL (0.6ms)[0m   [0mSHOW FIELDS FROM `categories`[0m
  [4;36;1mSQL (0.4ms)[0m   [0;1mdescribe `categories`[0m
  [4;35;1mSQL (0.2ms)[0m   [0mSHOW KEYS FROM `categories`[0m
  [4;36;1mSQL (0.5ms)[0m   [0;1mSHOW FIELDS FROM `dishes`[0m
  [4;35;1mSQL (0.5ms)[0m   [0mdescribe `dishes`[0m
  [4;36;1mSQL (0.2ms)[0m   [0;1mSHOW KEYS FROM `dishes`[0m
  [4;36;1mSQL (0.1ms)[0m   [0;1mSET NAMES 'utf8'[0m
  [4;35;1mSQL (0.1ms)[0m   [0mSET SQL_AUTO_IS_NULL=0[0m
  [4;36;1mSQL (0.2ms)[0m   [0;1mSHOW TABLES[0m
  [4;35;1mSQL (0.1ms)[0m   [0mSELECT version FROM schema_migrations[0m
  [4;36;1mSQL (0.1ms)[0m   [0;1mSHOW TABLES[0m
  [4;35;1mSQL (0.0ms)[0m   [0mSELECT version FROM schema_migrations[0m
  [4;36;1mSQL (0.2ms)[0m   [0;1mSHOW TABLES[0m
  [4;35;1mSQL (0.0ms)[0m   [0mSELECT version FROM schema_migrations[0m
  [4;36;1mSQL (0.1ms)[0m   [0;1mSHOW TABLES[0m
  [4;35;1mSQL (0.5ms)[0m   [0mSHOW FIELDS FROM `categories`[0m
  [4;36;1mSQL (0.4ms)[0m   [0;1mdescribe `categories`[0m
  [4;35;1mSQL (0.2ms)[0m   [0mSHOW KEYS FROM `categories`[0m
  [4;36;1mSQL (0.6ms)[0m   [0;1mSHOW FIELDS FROM `dishes`[0m
  [4;35;1mSQL (0.5ms)[0m   [0mdescribe `dishes`[0m
  [4;36;1mSQL (0.2ms)[0m   [0;1mSHOW KEYS FROM `dishes`[0m
  [4;36;1mSQL (0.1ms)[0m   [0;1mSET NAMES 'utf8'[0m
  [4;35;1mSQL (0.1ms)[0m   [0mSET SQL_AUTO_IS_NULL=0[0m
  [4;36;1mSQL (0.2ms)[0m   [0;1mSHOW TABLES[0m
  [4;35;1mSQL (0.1ms)[0m   [0mSELECT version FROM schema_migrations[0m
  [4;36;1mSQL (0.1ms)[0m   [0;1mSHOW TABLES[0m
  [4;35;1mSQL (0.0ms)[0m   [0mSELECT version FROM schema_migrations[0m
Migrating to CreateDishes (20100416122025)
  [4;36;1mSQL (5.0ms)[0m   [0;1mDROP TABLE `dishes`[0m
  [4;35;1mSQL (0.4ms)[0m   [0mDELETE FROM schema_migrations WHERE version = '20100416122025'[0m
  [4;36;1mSQL (0.2ms)[0m   [0;1mSHOW TABLES[0m
  [4;35;1mSQL (0.1ms)[0m   [0mSELECT version FROM schema_migrations[0m
  [4;36;1mSQL (0.1ms)[0m   [0;1mSHOW TABLES[0m
  [4;35;1mSQL (0.5ms)[0m   [0mSHOW FIELDS FROM `categories`[0m
  [4;36;1mSQL (0.4ms)[0m   [0;1mdescribe `categories`[0m
  [4;35;1mSQL (0.2ms)[0m   [0mSHOW KEYS FROM `categories`[0m
  [4;36;1mSQL (0.1ms)[0m   [0;1mSET NAMES 'utf8'[0m
  [4;35;1mSQL (0.1ms)[0m   [0mSET SQL_AUTO_IS_NULL=0[0m
  [4;36;1mSQL (0.2ms)[0m   [0;1mSHOW TABLES[0m
  [4;35;1mSQL (8.5ms)[0m   [0mCREATE TABLE `schema_migrations` (`version` varchar(255) NOT NULL) ENGINE=InnoDB[0m
  [4;36;1mSQL (13.2ms)[0m   [0;1mCREATE UNIQUE INDEX `unique_schema_migrations` ON `schema_migrations` (`version`)[0m
  [4;35;1mSQL (0.2ms)[0m   [0mSHOW TABLES[0m
  [4;36;1mSQL (0.2ms)[0m   [0;1mSELECT version FROM schema_migrations[0m
Migrating to CreateDishes (20100416122025)
  [4;35;1mSQL (1.9ms)[0m   [0mCREATE TABLE `dishes` (`id` int(11) DEFAULT NULL auto_increment PRIMARY KEY, `title` varchar(255), `ingredients` text, `instructions` text, `created_at` datetime, `updated_at` datetime) ENGINE=InnoDB[0m
  [4;36;1mSQL (0.3ms)[0m   [0;1mINSERT INTO schema_migrations (version) VALUES ('20100416122025')[0m
Migrating to CreateCategories (20100416123311)
  [4;35;1mSQL (1.4ms)[0m   [0mCREATE TABLE `categories` (`id` int(11) DEFAULT NULL auto_increment PRIMARY KEY, `dish_id` int(11), `title` varchar(255), `created_at` datetime, `updated_at` datetime) ENGINE=InnoDB[0m
  [4;36;1mSQL (0.3ms)[0m   [0;1mINSERT INTO schema_migrations (version) VALUES ('20100416123311')[0m
  [4;35;1mSQL (0.2ms)[0m   [0mSHOW TABLES[0m
  [4;36;1mSQL (0.1ms)[0m   [0;1mSELECT version FROM schema_migrations[0m
  [4;35;1mSQL (0.1ms)[0m   [0mSHOW TABLES[0m
  [4;36;1mSQL (0.6ms)[0m   [0;1mSHOW FIELDS FROM `categories`[0m
  [4;35;1mSQL (0.5ms)[0m   [0mdescribe `categories`[0m
  [4;36;1mSQL (0.2ms)[0m   [0;1mSHOW KEYS FROM `categories`[0m
  [4;35;1mSQL (0.6ms)[0m   [0mSHOW FIELDS FROM `dishes`[0m
  [4;36;1mSQL (0.5ms)[0m   [0;1mdescribe `dishes`[0m
  [4;35;1mSQL (0.2ms)[0m   [0mSHOW KEYS FROM `dishes`[0m
  [4;36;1mSQL (0.1ms)[0m   [0;1mSET NAMES 'utf8'[0m
  [4;35;1mSQL (0.1ms)[0m   [0mSET SQL_AUTO_IS_NULL=0[0m


Processing DishesController#index (for 127.0.0.1 at 2010-04-16 15:35:00) [GET]
  [4;36;1mDish Load (0.3ms)[0m   [0;1mSELECT * FROM `dishes` [0m
Rendering template within layouts/dishes
Rendering dishes/index
Completed in 41ms (View: 29, DB: 0) | 200 OK [http://localhost/dishes]
  [4;35;1mSQL (0.1ms)[0m   [0mSET NAMES 'utf8'[0m
  [4;36;1mSQL (0.1ms)[0m   [0;1mSET SQL_AUTO_IS_NULL=0[0m


Processing DishesController#new (for 127.0.0.1 at 2010-04-16 15:35:04) [GET]
  [4;35;1mDish Columns (0.7ms)[0m   [0mSHOW FIELDS FROM `dishes`[0m
Rendering template within layouts/dishes
Rendering dishes/new
Completed in 23ms (View: 15, DB: 1) | 200 OK [http://localhost/dishes/new]
  [4;36;1mSQL (0.1ms)[0m   [0;1mSET NAMES 'utf8'[0m
  [4;35;1mSQL (0.1ms)[0m   [0mSET SQL_AUTO_IS_NULL=0[0m


Processing DishesController#index (for 127.0.0.1 at 2010-04-16 15:35:06) [GET]
  [4;36;1mDish Load (0.1ms)[0m   [0;1mSELECT * FROM `dishes` [0m
Rendering template within layouts/dishes
Rendering dishes/index
Completed in 9ms (View: 2, DB: 0) | 200 OK [http://localhost/dishes]
  [4;35;1mSQL (0.1ms)[0m   [0mSET NAMES 'utf8'[0m
  [4;36;1mSQL (0.1ms)[0m   [0;1mSET SQL_AUTO_IS_NULL=0[0m


Processing DishesController#index (for 127.0.0.1 at 2010-04-16 15:35:15) [GET]
  [4;35;1mDish Load (0.1ms)[0m   [0mSELECT * FROM `dishes` [0m
Rendering template within layouts/dishes
Rendering dishes/index
Completed in 50ms (View: 44, DB: 0) | 200 OK [http://localhost/dishes]
  [4;36;1mSQL (0.1ms)[0m   [0;1mSET NAMES 'utf8'[0m
  [4;35;1mSQL (0.1ms)[0m   [0mSET SQL_AUTO_IS_NULL=0[0m


Processing DishesController#index (for 127.0.0.1 at 2010-04-16 15:35:31) [GET]
  [4;36;1mDish Load (0.1ms)[0m   [0;1mSELECT * FROM `dishes` [0m
Rendering template within layouts/dishes
Rendering dishes/index
Completed in 10ms (View: 2, DB: 0) | 200 OK [http://localhost/dishes]
  [4;36;1mSQL (0.1ms)[0m   [0;1mSET NAMES 'utf8'[0m
  [4;35;1mSQL (0.1ms)[0m   [0mSET SQL_AUTO_IS_NULL=0[0m


Processing DishesController#index (for 127.0.0.1 at 2010-04-16 15:57:18) [GET]
  [4;36;1mDish Load (0.4ms)[0m   [0;1mSELECT * FROM `dishes` [0m
Rendering template within layouts/dishes
Rendering dishes/index
Completed in 128ms (View: 89, DB: 1) | 200 OK [http://localhost/]
  [4;35;1mSQL (0.1ms)[0m   [0mSET NAMES 'utf8'[0m
  [4;36;1mSQL (0.1ms)[0m   [0;1mSET SQL_AUTO_IS_NULL=0[0m


Processing CategoriesController#index (for 127.0.0.1 at 2010-04-16 15:57:38) [GET]
  [4;35;1mCategory Load (0.4ms)[0m   [0mSELECT * FROM `categories` [0m
Rendering template within layouts/categories
Rendering categories/index
Completed in 86ms (View: 42, DB: 1) | 200 OK [http://localhost/categories]
  [4;36;1mSQL (0.1ms)[0m   [0;1mSET NAMES 'utf8'[0m
  [4;35;1mSQL (0.1ms)[0m   [0mSET SQL_AUTO_IS_NULL=0[0m


Processing CategoriesController#new (for 127.0.0.1 at 2010-04-16 15:57:41) [GET]
  [4;36;1mCategory Columns (0.8ms)[0m   [0;1mSHOW FIELDS FROM `categories`[0m
Rendering template within layouts/categories
Rendering categories/new
Completed in 88ms (View: 79, DB: 1) | 200 OK [http://localhost/categories/new]
  [4;36;1mSQL (0.1ms)[0m   [0;1mSET NAMES 'utf8'[0m
  [4;35;1mSQL (0.1ms)[0m   [0mSET SQL_AUTO_IS_NULL=0[0m
  [4;36;1mSQL (0.2ms)[0m   [0;1mSHOW TABLES[0m
  [4;35;1mSQL (0.2ms)[0m   [0mSELECT version FROM schema_migrations[0m
Migrating to CreateDishes (20100416122025)
Migrating to CreateCategories (20100416123311)
Migrating to AddDescriptionsToCategories (20100416132651)
  [4;36;1mSQL (5.1ms)[0m   [0;1mALTER TABLE `categories` ADD `description` text[0m
  [4;35;1mSQL (0.4ms)[0m   [0mINSERT INTO schema_migrations (version) VALUES ('20100416132651')[0m
  [4;36;1mSQL (0.2ms)[0m   [0;1mSHOW TABLES[0m
  [4;35;1mSQL (3.0ms)[0m   [0mSELECT version FROM schema_migrations[0m
  [4;36;1mSQL (0.2ms)[0m   [0;1mSHOW TABLES[0m
  [4;35;1mSQL (0.7ms)[0m   [0mSHOW FIELDS FROM `categories`[0m
  [4;36;1mSQL (0.5ms)[0m   [0;1mdescribe `categories`[0m
  [4;35;1mSQL (0.2ms)[0m   [0mSHOW KEYS FROM `categories`[0m
  [4;36;1mSQL (0.5ms)[0m   [0;1mSHOW FIELDS FROM `dishes`[0m
  [4;35;1mSQL (0.5ms)[0m   [0mdescribe `dishes`[0m
  [4;36;1mSQL (0.2ms)[0m   [0;1mSHOW KEYS FROM `dishes`[0m
  [4;36;1mSQL (0.1ms)[0m   [0;1mSET NAMES 'utf8'[0m
  [4;35;1mSQL (0.1ms)[0m   [0mSET SQL_AUTO_IS_NULL=0[0m
  [4;36;1mSQL (0.2ms)[0m   [0;1mSHOW TABLES[0m
  [4;35;1mSQL (0.1ms)[0m   [0mSELECT version FROM schema_migrations[0m
  [4;36;1mSQL (0.1ms)[0m   [0;1mSHOW TABLES[0m
  [4;35;1mSQL (0.0ms)[0m   [0mSELECT version FROM schema_migrations[0m
Migrating to AddDescriptionsToCategories (20100416132651)
  [4;36;1mSQL (5.0ms)[0m   [0;1mALTER TABLE `categories` DROP `description`[0m
  [4;35;1mSQL (0.3ms)[0m   [0mDELETE FROM schema_migrations WHERE version = '20100416132651'[0m
Migrating to CreateCategories (20100416123311)
  [4;36;1mSQL (3.2ms)[0m   [0;1mDROP TABLE `categories`[0m
  [4;35;1mSQL (0.8ms)[0m   [0mDELETE FROM schema_migrations WHERE version = '20100416123311'[0m
Migrating to CreateDishes (20100416122025)
  [4;36;1mSQL (7.3ms)[0m   [0;1mDROP TABLE `dishes`[0m
  [4;35;1mSQL (1.8ms)[0m   [0mDELETE FROM schema_migrations WHERE version = '20100416122025'[0m
  [4;36;1mSQL (0.2ms)[0m   [0;1mSHOW TABLES[0m
  [4;35;1mSQL (1.6ms)[0m   [0mSELECT version FROM schema_migrations[0m
  [4;36;1mSQL (0.1ms)[0m   [0;1mSHOW TABLES[0m
  [4;36;1mSQL (0.1ms)[0m   [0;1mSET NAMES 'utf8'[0m
  [4;35;1mSQL (0.1ms)[0m   [0mSET SQL_AUTO_IS_NULL=0[0m
  [4;36;1mSQL (0.2ms)[0m   [0;1mSHOW TABLES[0m
  [4;35;1mSQL (0.1ms)[0m   [0mSELECT version FROM schema_migrations[0m
Migrating to CreateDishes (20100416122025)
  [4;36;1mSQL (6.7ms)[0m   [0;1mCREATE TABLE `dishes` (`id` int(11) DEFAULT NULL auto_increment PRIMARY KEY, `title` varchar(255), `ingredients` text, `instructions` text, `created_at` datetime, `updated_at` datetime) ENGINE=InnoDB[0m
  [4;35;1mSQL (0.3ms)[0m   [0mINSERT INTO schema_migrations (version) VALUES ('20100416122025')[0m
Migrating to CreateCategories (20100416123311)
  [4;36;1mSQL (1.6ms)[0m   [0;1mCREATE TABLE `categories` (`id` int(11) DEFAULT NULL auto_increment PRIMARY KEY, `dish_id` int(11), `title` varchar(255), `description` text, `created_at` datetime, `updated_at` datetime) ENGINE=InnoDB[0m
  [4;35;1mSQL (0.3ms)[0m   [0mINSERT INTO schema_migrations (version) VALUES ('20100416123311')[0m
  [4;36;1mSQL (0.3ms)[0m   [0;1mSHOW TABLES[0m
  [4;35;1mSQL (0.2ms)[0m   [0mSELECT version FROM schema_migrations[0m
  [4;36;1mSQL (0.2ms)[0m   [0;1mSHOW TABLES[0m
  [4;35;1mSQL (0.8ms)[0m   [0mSHOW FIELDS FROM `categories`[0m
  [4;36;1mSQL (0.7ms)[0m   [0;1mdescribe `categories`[0m
  [4;35;1mSQL (0.2ms)[0m   [0mSHOW KEYS FROM `categories`[0m
  [4;36;1mSQL (0.7ms)[0m   [0;1mSHOW FIELDS FROM `dishes`[0m
  [4;35;1mSQL (0.6ms)[0m   [0mdescribe `dishes`[0m
  [4;36;1mSQL (0.2ms)[0m   [0;1mSHOW KEYS FROM `dishes`[0m
  [4;36;1mSQL (0.1ms)[0m   [0;1mSET NAMES 'utf8'[0m
  [4;35;1mSQL (0.1ms)[0m   [0mSET SQL_AUTO_IS_NULL=0[0m
  [4;36;1mSQL (0.2ms)[0m   [0;1mSHOW TABLES[0m
  [4;35;1mSQL (0.1ms)[0m   [0mSELECT version FROM schema_migrations[0m
  [4;36;1mSQL (0.1ms)[0m   [0;1mSHOW TABLES[0m
  [4;35;1mSQL (0.0ms)[0m   [0mSELECT version FROM schema_migrations[0m
Migrating to CreateCategories (20100416123311)
  [4;36;1mSQL (6.6ms)[0m   [0;1mDROP TABLE `categories`[0m
  [4;35;1mSQL (0.3ms)[0m   [0mDELETE FROM schema_migrations WHERE version = '20100416123311'[0m
Migrating to CreateDishes (20100416122025)
  [4;36;1mSQL (0.8ms)[0m   [0;1mDROP TABLE `dishes`[0m
  [4;35;1mSQL (0.3ms)[0m   [0mDELETE FROM schema_migrations WHERE version = '20100416122025'[0m
  [4;36;1mSQL (0.2ms)[0m   [0;1mSHOW TABLES[0m
  [4;35;1mSQL (0.1ms)[0m   [0mSELECT version FROM schema_migrations[0m
  [4;36;1mSQL (0.1ms)[0m   [0;1mSHOW TABLES[0m
  [4;36;1mSQL (0.1ms)[0m   [0;1mSET NAMES 'utf8'[0m
  [4;35;1mSQL (0.1ms)[0m   [0mSET SQL_AUTO_IS_NULL=0[0m
  [4;36;1mSQL (0.2ms)[0m   [0;1mSHOW TABLES[0m
  [4;35;1mSQL (0.1ms)[0m   [0mSELECT version FROM schema_migrations[0m
Migrating to CreateDishes (20100416122025)
  [4;36;1mSQL (2.2ms)[0m   [0;1mCREATE TABLE `dishes` (`id` int(11) DEFAULT NULL auto_increment PRIMARY KEY, `category_id` int(11), `title` varchar(255), `ingredients` text, `instructions` text, `created_at` datetime, `updated_at` datetime) ENGINE=InnoDB[0m
  [4;35;1mSQL (0.3ms)[0m   [0mINSERT INTO schema_migrations (version) VALUES ('20100416122025')[0m
Migrating to CreateCategories (20100416123311)
  [4;36;1mSQL (1.6ms)[0m   [0;1mCREATE TABLE `categories` (`id` int(11) DEFAULT NULL auto_increment PRIMARY KEY, `title` varchar(255), `description` text, `created_at` datetime, `updated_at` datetime) ENGINE=InnoDB[0m
  [4;35;1mSQL (0.3ms)[0m   [0mINSERT INTO schema_migrations (version) VALUES ('20100416123311')[0m
  [4;36;1mSQL (0.2ms)[0m   [0;1mSHOW TABLES[0m
  [4;35;1mSQL (0.2ms)[0m   [0mSELECT version FROM schema_migrations[0m
  [4;36;1mSQL (0.2ms)[0m   [0;1mSHOW TABLES[0m
  [4;35;1mSQL (0.6ms)[0m   [0mSHOW FIELDS FROM `categories`[0m
  [4;36;1mSQL (0.5ms)[0m   [0;1mdescribe `categories`[0m
  [4;35;1mSQL (0.2ms)[0m   [0mSHOW KEYS FROM `categories`[0m
  [4;36;1mSQL (0.6ms)[0m   [0;1mSHOW FIELDS FROM `dishes`[0m
  [4;35;1mSQL (0.5ms)[0m   [0mdescribe `dishes`[0m
  [4;36;1mSQL (0.2ms)[0m   [0;1mSHOW KEYS FROM `dishes`[0m
  [4;36;1mSQL (0.1ms)[0m   [0;1mSET NAMES 'utf8'[0m
  [4;35;1mSQL (0.1ms)[0m   [0mSET SQL_AUTO_IS_NULL=0[0m


Processing DishesController#index (for 127.0.0.1 at 2010-04-16 16:35:15) [GET]
  [4;36;1mDish Load (0.3ms)[0m   [0;1mSELECT * FROM `dishes` [0m
Rendering template within layouts/dishes
Rendering dishes/index
Completed in 47ms (View: 34, DB: 0) | 200 OK [http://localhost/]
  [4;35;1mSQL (0.1ms)[0m   [0mSET NAMES 'utf8'[0m
  [4;36;1mSQL (0.1ms)[0m   [0;1mSET SQL_AUTO_IS_NULL=0[0m


Processing DishesController#new (for 127.0.0.1 at 2010-04-16 16:35:16) [GET]
  [4;35;1mDish Columns (0.9ms)[0m   [0mSHOW FIELDS FROM `dishes`[0m
Rendering template within layouts/dishes
Rendering dishes/new
Completed in 37ms (View: 28, DB: 1) | 200 OK [http://localhost/dishes/new]
  [4;36;1mSQL (0.1ms)[0m   [0;1mSET NAMES 'utf8'[0m
  [4;35;1mSQL (0.1ms)[0m   [0mSET SQL_AUTO_IS_NULL=0[0m


Processing DishesController#index (for 127.0.0.1 at 2010-04-16 16:35:23) [GET]
  [4;36;1mDish Load (0.1ms)[0m   [0;1mSELECT * FROM `dishes` [0m
Rendering template within layouts/dishes
Rendering dishes/index
Completed in 10ms (View: 2, DB: 0) | 200 OK [http://localhost/dishes]
  [4;36;1mSQL (0.1ms)[0m   [0;1mSET NAMES 'utf8'[0m
  [4;35;1mSQL (0.1ms)[0m   [0mSET SQL_AUTO_IS_NULL=0[0m


Processing CategoriesController#index (for 127.0.0.1 at 2010-04-16 16:52:08) [GET]
  [4;36;1mCategory Load (0.3ms)[0m   [0;1mSELECT * FROM `categories` [0m
Rendering template within layouts/categories
Rendering categories/index
Completed in 47ms (View: 30, DB: 0) | 200 OK [http://localhost/categories]
  [4;35;1mSQL (0.1ms)[0m   [0mSET NAMES 'utf8'[0m
  [4;36;1mSQL (0.1ms)[0m   [0;1mSET SQL_AUTO_IS_NULL=0[0m


Processing CategoriesController#new (for 127.0.0.1 at 2010-04-16 16:52:10) [GET]
  [4;35;1mCategory Columns (0.8ms)[0m   [0mSHOW FIELDS FROM `categories`[0m
Rendering template within layouts/categories
Rendering categories/new

ActionView::TemplateError (undefined method `dish_id' for #<Category:0xb7170f68>) on line #8 of app/views/categories/new.html.erb:
5: 
6:   <p>
7:     <%= f.label :dish_id %><br />
8:     <%= f.text_field :dish_id %>
9:   </p>
10:   <p>
11:     <%= f.label :title %><br />

    app/views/categories/new.html.erb:8
    app/views/categories/new.html.erb:3
    app/controllers/categories_controller.rb:29:in `new'

Rendered rescues/_trace (82.1ms)
Rendered rescues/_request_and_response (1.9ms)
Rendering rescues/layout (internal_server_error)
  [4;36;1mSQL (0.1ms)[0m   [0;1mSET NAMES 'utf8'[0m
  [4;35;1mSQL (0.1ms)[0m   [0mSET SQL_AUTO_IS_NULL=0[0m


Processing CategoriesController#new (for 127.0.0.1 at 2010-04-16 16:53:07) [GET]
  [4;36;1mCategory Columns (0.9ms)[0m   [0;1mSHOW FIELDS FROM `categories`[0m
Rendering template within layouts/categories
Rendering categories/new

ActionView::TemplateError (undefined method `dish_id' for #<Category:0xb5f30cf4>) on line #8 of app/views/categories/new.html.erb:
5: 
6:   <p>
7:     <%= f.label :dish_id %><br />
8:     <%= f.text_field :dish_id %>
9:   </p>
10:   <p>
11:     <%= f.label :title %><br />

    app/views/categories/new.html.erb:8
    app/views/categories/new.html.erb:3
    app/controllers/categories_controller.rb:29:in `new'

Rendered rescues/_trace (78.7ms)
Rendered rescues/_request_and_response (0.4ms)
Rendering rescues/layout (internal_server_error)
  [4;35;1mSQL (0.1ms)[0m   [0mSET NAMES 'utf8'[0m
  [4;36;1mSQL (0.1ms)[0m   [0;1mSET SQL_AUTO_IS_NULL=0[0m


Processing CategoriesController#new (for 127.0.0.1 at 2010-04-16 16:53:08) [GET]
  [4;35;1mCategory Columns (0.8ms)[0m   [0mSHOW FIELDS FROM `categories`[0m
Rendering template within layouts/categories
Rendering categories/new

ActionView::TemplateError (undefined method `dish_id' for #<Category:0xb6034a9c>) on line #8 of app/views/categories/new.html.erb:
5: 
6:   <p>
7:     <%= f.label :dish_id %><br />
8:     <%= f.text_field :dish_id %>
9:   </p>
10:   <p>
11:     <%= f.label :title %><br />

    app/views/categories/new.html.erb:8
    app/views/categories/new.html.erb:3
    app/controllers/categories_controller.rb:29:in `new'

Rendered rescues/_trace (78.0ms)
Rendered rescues/_request_and_response (0.4ms)
Rendering rescues/layout (internal_server_error)
  [4;36;1mSQL (0.1ms)[0m   [0;1mSET NAMES 'utf8'[0m
  [4;35;1mSQL (0.1ms)[0m   [0mSET SQL_AUTO_IS_NULL=0[0m


Processing CategoriesController#new (for 127.0.0.1 at 2010-04-16 16:53:09) [GET]
  [4;36;1mCategory Columns (2.7ms)[0m   [0;1mSHOW FIELDS FROM `categories`[0m
Rendering template within layouts/categories
Rendering categories/new

ActionView::TemplateError (undefined method `dish_id' for #<Category:0xb5edae94>) on line #8 of app/views/categories/new.html.erb:
5: 
6:   <p>
7:     <%= f.label :dish_id %><br />
8:     <%= f.text_field :dish_id %>
9:   </p>
10:   <p>
11:     <%= f.label :title %><br />

    app/views/categories/new.html.erb:8
    app/views/categories/new.html.erb:3
    app/controllers/categories_controller.rb:29:in `new'

Rendered rescues/_trace (143.8ms)
Rendered rescues/_request_and_response (0.4ms)
Rendering rescues/layout (internal_server_error)
  [4;35;1mSQL (0.1ms)[0m   [0mSET NAMES 'utf8'[0m
  [4;36;1mSQL (0.1ms)[0m   [0;1mSET SQL_AUTO_IS_NULL=0[0m


Processing CategoriesController#new (for 127.0.0.1 at 2010-04-16 16:53:09) [GET]
  [4;35;1mCategory Columns (0.7ms)[0m   [0mSHOW FIELDS FROM `categories`[0m
Rendering template within layouts/categories
Rendering categories/new

ActionView::TemplateError (undefined method `dish_id' for #<Category:0xb5ffca5c>) on line #8 of app/views/categories/new.html.erb:
5: 
6:   <p>
7:     <%= f.label :dish_id %><br />
8:     <%= f.text_field :dish_id %>
9:   </p>
10:   <p>
11:     <%= f.label :title %><br />

    app/views/categories/new.html.erb:8
    app/views/categories/new.html.erb:3
    app/controllers/categories_controller.rb:29:in `new'

Rendered rescues/_trace (59.2ms)
Rendered rescues/_request_and_response (0.3ms)
Rendering rescues/layout (internal_server_error)
  [4;36;1mSQL (0.1ms)[0m   [0;1mSET NAMES 'utf8'[0m
  [4;35;1mSQL (0.1ms)[0m   [0mSET SQL_AUTO_IS_NULL=0[0m


Processing CategoriesController#new (for 127.0.0.1 at 2010-04-16 16:53:09) [GET]
  [4;36;1mCategory Columns (0.7ms)[0m   [0;1mSHOW FIELDS FROM `categories`[0m
Rendering template within layouts/categories
Rendering categories/new

ActionView::TemplateError (undefined method `dish_id' for #<Category:0xb5ea0d0c>) on line #8 of app/views/categories/new.html.erb:
5: 
6:   <p>
7:     <%= f.label :dish_id %><br />
8:     <%= f.text_field :dish_id %>
9:   </p>
10:   <p>
11:     <%= f.label :title %><br />

    app/views/categories/new.html.erb:8
    app/views/categories/new.html.erb:3
    app/controllers/categories_controller.rb:29:in `new'

Rendered rescues/_trace (118.8ms)
Rendered rescues/_request_and_response (0.3ms)
Rendering rescues/layout (internal_server_error)
  [4;36;1mSQL (0.1ms)[0m   [0;1mSET NAMES 'utf8'[0m
  [4;35;1mSQL (0.1ms)[0m   [0mSET SQL_AUTO_IS_NULL=0[0m


Processing CategoriesController#new (for 127.0.0.1 at 2010-04-16 16:53:14) [GET]
  [4;36;1mCategory Columns (0.8ms)[0m   [0;1mSHOW FIELDS FROM `categories`[0m
Rendering template within layouts/categories
Rendering categories/new

ActionView::TemplateError (undefined method `dish_id' for #<Category:0xb6cf680c>) on line #8 of app/views/categories/new.html.erb:
5: 
6:   <p>
7:     <%= f.label :dish_id %><br />
8:     <%= f.text_field :dish_id %>
9:   </p>
10:   <p>
11:     <%= f.label :title %><br />

    app/views/categories/new.html.erb:8
    app/views/categories/new.html.erb:3
    app/controllers/categories_controller.rb:29:in `new'

Rendered rescues/_trace (104.4ms)
Rendered rescues/_request_and_response (1.5ms)
Rendering rescues/layout (internal_server_error)
  [4;35;1mSQL (0.1ms)[0m   [0mSET NAMES 'utf8'[0m
  [4;36;1mSQL (0.1ms)[0m   [0;1mSET SQL_AUTO_IS_NULL=0[0m


Processing CategoriesController#index (for 127.0.0.1 at 2010-04-16 16:54:06) [GET]
  [4;35;1mCategory Load (0.2ms)[0m   [0mSELECT * FROM `categories` [0m
Rendering template within layouts/categories
Rendering categories/index
Completed in 17ms (View: 9, DB: 0) | 200 OK [http://localhost/categories]
  [4;36;1mSQL (0.1ms)[0m   [0;1mSET NAMES 'utf8'[0m
  [4;35;1mSQL (0.1ms)[0m   [0mSET SQL_AUTO_IS_NULL=0[0m


Processing CategoriesController#index (for 127.0.0.1 at 2010-04-16 16:54:42) [GET]
  [4;36;1mCategory Load (0.1ms)[0m   [0;1mSELECT * FROM `categories` [0m
Rendering template within layouts/categories
Rendering categories/index
Completed in 10ms (View: 2, DB: 0) | 200 OK [http://localhost/categories]
  [4;35;1mSQL (0.1ms)[0m   [0mSET NAMES 'utf8'[0m
  [4;36;1mSQL (0.1ms)[0m   [0;1mSET SQL_AUTO_IS_NULL=0[0m


Processing CategoriesController#new (for 127.0.0.1 at 2010-04-16 16:54:43) [GET]
  [4;35;1mCategory Columns (0.8ms)[0m   [0mSHOW FIELDS FROM `categories`[0m
Rendering template within layouts/categories
Rendering categories/new
Completed in 21ms (View: 13, DB: 1) | 200 OK [http://localhost/categories/new]
  [4;36;1mSQL (0.1ms)[0m   [0;1mSET NAMES 'utf8'[0m
  [4;35;1mSQL (0.1ms)[0m   [0mSET SQL_AUTO_IS_NULL=0[0m


Processing CategoriesController#new (for 127.0.0.1 at 2010-04-16 16:55:08) [GET]
  [4;36;1mCategory Columns (0.8ms)[0m   [0;1mSHOW FIELDS FROM `categories`[0m
Rendering template within layouts/categories
Rendering categories/new
Completed in 22ms (View: 13, DB: 1) | 200 OK [http://localhost/categories/new]
  [4;35;1mSQL (0.1ms)[0m   [0mSET NAMES 'utf8'[0m
  [4;36;1mSQL (0.1ms)[0m   [0;1mSET SQL_AUTO_IS_NULL=0[0m


Processing CategoriesController#create (for 127.0.0.1 at 2010-04-16 16:58:11) [POST]
  Parameters: {"category"=>{"title"=>"Beverages", "description"=>"This category covers beverages or drinks, which are liquids, specifically prepared for human consumption. In addition to basic needs, beverages form a part of the culture of human society."}, "commit"=>"Create", "authenticity_token"=>"cvkCBEwBXCZPQnfDS4aoVvph4SAlsrn06FylS43wGW4="}
  [4;35;1mCategory Columns (0.7ms)[0m   [0mSHOW FIELDS FROM `categories`[0m
  [4;36;1mSQL (0.1ms)[0m   [0;1mBEGIN[0m
  [4;35;1mCategory Create (0.2ms)[0m   [0mINSERT INTO `categories` (`created_at`, `title`, `updated_at`, `description`) VALUES('2010-04-16 13:58:11', 'Beverages', '2010-04-16 13:58:11', 'This category covers beverages or drinks, which are liquids, specifically prepared for human consumption. In addition to basic needs, beverages form a part of the culture of human society.')[0m
  [4;36;1mSQL (4.8ms)[0m   [0;1mCOMMIT[0m
Redirected to http://localhost:3000/categories/1
Completed in 20ms (DB: 6) | 302 Found [http://localhost/categories]
  [4;35;1mSQL (0.1ms)[0m   [0mSET NAMES 'utf8'[0m
  [4;36;1mSQL (0.1ms)[0m   [0;1mSET SQL_AUTO_IS_NULL=0[0m


Processing CategoriesController#show (for 127.0.0.1 at 2010-04-16 16:58:11) [GET]
  Parameters: {"id"=>"1"}
  [4;35;1mCategory Columns (0.9ms)[0m   [0mSHOW FIELDS FROM `categories`[0m
  [4;36;1mCategory Load (0.2ms)[0m   [0;1mSELECT * FROM `categories` WHERE (`categories`.`id` = 1) [0m
Rendering template within layouts/categories
Rendering categories/show

ActionView::TemplateError (undefined method `dish_id' for #<Category:0xb602d580>) on line #3 of app/views/categories/show.html.erb:
1: <p>
2:   <b>Dish:</b>
3:   <%=h @category.dish_id %>
4: </p>
5: 
6: <p>

    app/views/categories/show.html.erb:3
    app/controllers/categories_controller.rb:18:in `show'

Rendered rescues/_trace (69.9ms)
Rendered rescues/_request_and_response (0.4ms)
Rendering rescues/layout (internal_server_error)
  [4;35;1mSQL (0.1ms)[0m   [0mSET NAMES 'utf8'[0m
  [4;36;1mSQL (0.1ms)[0m   [0;1mSET SQL_AUTO_IS_NULL=0[0m


Processing CategoriesController#index (for 127.0.0.1 at 2010-04-16 16:59:46) [GET]
  [4;35;1mCategory Load (0.3ms)[0m   [0mSELECT * FROM `categories` [0m
Rendering template within layouts/categories
Rendering categories/index
  [4;36;1mCategory Columns (0.8ms)[0m   [0;1mSHOW FIELDS FROM `categories`[0m
Completed in 18ms (View: 9, DB: 1) | 200 OK [http://localhost/categories]
  [4;35;1mSQL (0.1ms)[0m   [0mSET NAMES 'utf8'[0m
  [4;36;1mSQL (0.1ms)[0m   [0;1mSET SQL_AUTO_IS_NULL=0[0m


Processing CategoriesController#show (for 127.0.0.1 at 2010-04-16 16:59:49) [GET]
  Parameters: {"id"=>"1"}
  [4;35;1mCategory Columns (0.7ms)[0m   [0mSHOW FIELDS FROM `categories`[0m
  [4;36;1mCategory Load (0.1ms)[0m   [0;1mSELECT * FROM `categories` WHERE (`categories`.`id` = 1) [0m
Rendering template within layouts/categories
Rendering categories/show
Completed in 18ms (View: 9, DB: 1) | 200 OK [http://localhost/categories/1]
  [4;35;1mSQL (0.1ms)[0m   [0mSET NAMES 'utf8'[0m
  [4;36;1mSQL (0.1ms)[0m   [0;1mSET SQL_AUTO_IS_NULL=0[0m


Processing CategoriesController#edit (for 127.0.0.1 at 2010-04-16 16:59:54) [GET]
  Parameters: {"id"=>"1"}
  [4;35;1mCategory Columns (0.8ms)[0m   [0mSHOW FIELDS FROM `categories`[0m
  [4;36;1mCategory Load (0.1ms)[0m   [0;1mSELECT * FROM `categories` WHERE (`categories`.`id` = 1) [0m
Rendering template within layouts/categories
Rendering categories/edit

ActionView::TemplateError (undefined method `dish_id' for #<Category:0xb5e75058>) on line #8 of app/views/categories/edit.html.erb:
5: 
6:   <p>
7:     <%= f.label :dish_id %><br />
8:     <%= f.text_field :dish_id %>
9:   </p>
10:   <p>
11:     <%= f.label :title %><br />

    app/views/categories/edit.html.erb:8
    app/views/categories/edit.html.erb:3

Rendered rescues/_trace (141.8ms)
Rendered rescues/_request_and_response (0.4ms)
Rendering rescues/layout (internal_server_error)
  [4;35;1mSQL (0.1ms)[0m   [0mSET NAMES 'utf8'[0m
  [4;36;1mSQL (0.1ms)[0m   [0;1mSET SQL_AUTO_IS_NULL=0[0m


Processing CategoriesController#show (for 127.0.0.1 at 2010-04-16 17:00:20) [GET]
  Parameters: {"id"=>"1"}
  [4;35;1mCategory Columns (1.0ms)[0m   [0mSHOW FIELDS FROM `categories`[0m
  [4;36;1mCategory Load (0.1ms)[0m   [0;1mSELECT * FROM `categories` WHERE (`categories`.`id` = 1) [0m
Rendering template within layouts/categories
Rendering categories/show
Completed in 14ms (View: 4, DB: 1) | 200 OK [http://localhost/categories/1]
  [4;35;1mSQL (0.1ms)[0m   [0mSET NAMES 'utf8'[0m
  [4;36;1mSQL (0.1ms)[0m   [0;1mSET SQL_AUTO_IS_NULL=0[0m


Processing CategoriesController#edit (for 127.0.0.1 at 2010-04-16 17:00:35) [GET]
  Parameters: {"id"=>"1"}
  [4;35;1mCategory Columns (0.8ms)[0m   [0mSHOW FIELDS FROM `categories`[0m
  [4;36;1mCategory Load (0.1ms)[0m   [0;1mSELECT * FROM `categories` WHERE (`categories`.`id` = 1) [0m
Rendering template within layouts/categories
Rendering categories/edit
Completed in 24ms (View: 15, DB: 1) | 200 OK [http://localhost/categories/1/edit]
  [4;35;1mSQL (0.1ms)[0m   [0mSET NAMES 'utf8'[0m
  [4;36;1mSQL (0.1ms)[0m   [0;1mSET SQL_AUTO_IS_NULL=0[0m


Processing CategoriesController#show (for 127.0.0.1 at 2010-04-16 17:00:39) [GET]
  Parameters: {"id"=>"1"}
  [4;35;1mCategory Columns (0.8ms)[0m   [0mSHOW FIELDS FROM `categories`[0m
  [4;36;1mCategory Load (0.1ms)[0m   [0;1mSELECT * FROM `categories` WHERE (`categories`.`id` = 1) [0m
Rendering template within layouts/categories
Rendering categories/show
Completed in 13ms (View: 4, DB: 1) | 200 OK [http://localhost/categories/1]
  [4;35;1mSQL (0.1ms)[0m   [0mSET NAMES 'utf8'[0m
  [4;36;1mSQL (0.1ms)[0m   [0;1mSET SQL_AUTO_IS_NULL=0[0m


Processing CategoriesController#show (for 127.0.0.1 at 2010-04-16 17:00:44) [GET]
  Parameters: {"id"=>"1"}
  [4;35;1mCategory Columns (0.8ms)[0m   [0mSHOW FIELDS FROM `categories`[0m
  [4;36;1mCategory Load (0.1ms)[0m   [0;1mSELECT * FROM `categories` WHERE (`categories`.`id` = 1) [0m
Rendering template within layouts/categories
Rendering categories/show
Completed in 13ms (View: 4, DB: 1) | 200 OK [http://localhost/categories/1]
  [4;35;1mSQL (0.1ms)[0m   [0mSET NAMES 'utf8'[0m
  [4;36;1mSQL (0.1ms)[0m   [0;1mSET SQL_AUTO_IS_NULL=0[0m


Processing CategoriesController#edit (for 127.0.0.1 at 2010-04-16 17:00:46) [GET]
  Parameters: {"id"=>"1"}
  [4;35;1mCategory Columns (0.8ms)[0m   [0mSHOW FIELDS FROM `categories`[0m
  [4;36;1mCategory Load (0.1ms)[0m   [0;1mSELECT * FROM `categories` WHERE (`categories`.`id` = 1) [0m
Rendering template within layouts/categories
Rendering categories/edit
Completed in 23ms (View: 14, DB: 1) | 200 OK [http://localhost/categories/1/edit]
  [4;35;1mSQL (0.1ms)[0m   [0mSET NAMES 'utf8'[0m
  [4;36;1mSQL (0.1ms)[0m   [0;1mSET SQL_AUTO_IS_NULL=0[0m


Processing CategoriesController#index (for 127.0.0.1 at 2010-04-16 17:00:48) [GET]
  [4;35;1mCategory Load (0.1ms)[0m   [0mSELECT * FROM `categories` [0m
Rendering template within layouts/categories
Rendering categories/index
  [4;36;1mCategory Columns (0.8ms)[0m   [0;1mSHOW FIELDS FROM `categories`[0m
Completed in 18ms (View: 9, DB: 1) | 200 OK [http://localhost/categories]
  [4;35;1mSQL (0.1ms)[0m   [0mSET NAMES 'utf8'[0m
  [4;36;1mSQL (0.1ms)[0m   [0;1mSET SQL_AUTO_IS_NULL=0[0m


Processing CategoriesController#show (for 127.0.0.1 at 2010-04-16 17:01:13) [GET]
  Parameters: {"id"=>"1"}
  [4;35;1mCategory Columns (3.3ms)[0m   [0mSHOW FIELDS FROM `categories`[0m
  [4;36;1mCategory Load (0.1ms)[0m   [0;1mSELECT * FROM `categories` WHERE (`categories`.`id` = 1) [0m
Rendering template within layouts/categories
Rendering categories/show
Completed in 15ms (View: 3, DB: 3) | 200 OK [http://localhost/categories/1]
  [4;35;1mSQL (0.1ms)[0m   [0mSET NAMES 'utf8'[0m
  [4;36;1mSQL (0.1ms)[0m   [0;1mSET SQL_AUTO_IS_NULL=0[0m


Processing CategoriesController#index (for 127.0.0.1 at 2010-04-16 17:01:17) [GET]
  [4;35;1mCategory Load (0.1ms)[0m   [0mSELECT * FROM `categories` [0m
Rendering template within layouts/categories
Rendering categories/index
  [4;36;1mCategory Columns (0.8ms)[0m   [0;1mSHOW FIELDS FROM `categories`[0m
Completed in 19ms (View: 9, DB: 1) | 200 OK [http://localhost/categories]
  [4;35;1mSQL (0.1ms)[0m   [0mSET NAMES 'utf8'[0m
  [4;36;1mSQL (0.1ms)[0m   [0;1mSET SQL_AUTO_IS_NULL=0[0m


Processing CategoriesController#index (for 127.0.0.1 at 2010-04-16 17:01:44) [GET]
  [4;35;1mCategory Load (0.1ms)[0m   [0mSELECT * FROM `categories` [0m
Rendering template within layouts/categories
Rendering categories/index
  [4;36;1mCategory Columns (0.8ms)[0m   [0;1mSHOW FIELDS FROM `categories`[0m
Completed in 24ms (View: 15, DB: 1) | 200 OK [http://localhost/categories]
  [4;35;1mSQL (0.1ms)[0m   [0mSET NAMES 'utf8'[0m
  [4;36;1mSQL (0.1ms)[0m   [0;1mSET SQL_AUTO_IS_NULL=0[0m


Processing CategoriesController#index (for 127.0.0.1 at 2010-04-16 17:02:14) [GET]
  [4;35;1mCategory Load (0.3ms)[0m   [0mSELECT * FROM `categories` [0m
Rendering template within layouts/categories
Rendering categories/index
  [4;36;1mCategory Columns (0.8ms)[0m   [0;1mSHOW FIELDS FROM `categories`[0m
Completed in 25ms (View: 16, DB: 1) | 200 OK [http://localhost/categories]
  [4;35;1mSQL (0.1ms)[0m   [0mSET NAMES 'utf8'[0m
  [4;36;1mSQL (0.1ms)[0m   [0;1mSET SQL_AUTO_IS_NULL=0[0m


Processing CategoriesController#show (for 127.0.0.1 at 2010-04-16 17:02:18) [GET]
  Parameters: {"id"=>"1"}
  [4;35;1mCategory Columns (0.8ms)[0m   [0mSHOW FIELDS FROM `categories`[0m
  [4;36;1mCategory Load (0.1ms)[0m   [0;1mSELECT * FROM `categories` WHERE (`categories`.`id` = 1) [0m
Rendering template within layouts/categories
Rendering categories/show
Completed in 13ms (View: 3, DB: 1) | 200 OK [http://localhost/categories/1]
  [4;35;1mSQL (0.1ms)[0m   [0mSET NAMES 'utf8'[0m
  [4;36;1mSQL (0.1ms)[0m   [0;1mSET SQL_AUTO_IS_NULL=0[0m


Processing CategoriesController#index (for 127.0.0.1 at 2010-04-16 17:04:19) [GET]
  [4;35;1mCategory Load (0.1ms)[0m   [0mSELECT * FROM `categories` [0m
Rendering template within layouts/categories
Rendering categories/index
  [4;36;1mCategory Columns (0.8ms)[0m   [0;1mSHOW FIELDS FROM `categories`[0m
Completed in 18ms (View: 9, DB: 1) | 200 OK [http://localhost/categories]
  [4;35;1mSQL (0.1ms)[0m   [0mSET NAMES 'utf8'[0m
  [4;36;1mSQL (0.1ms)[0m   [0;1mSET SQL_AUTO_IS_NULL=0[0m


Processing CategoriesController#new (for 127.0.0.1 at 2010-04-16 17:04:21) [GET]
  [4;35;1mCategory Columns (0.8ms)[0m   [0mSHOW FIELDS FROM `categories`[0m
Rendering template within layouts/categories
Rendering categories/new
Completed in 16ms (View: 7, DB: 1) | 200 OK [http://localhost/categories/new]
  [4;36;1mSQL (0.1ms)[0m   [0;1mSET NAMES 'utf8'[0m
  [4;35;1mSQL (0.1ms)[0m   [0mSET SQL_AUTO_IS_NULL=0[0m


Processing CategoriesController#create (for 127.0.0.1 at 2010-04-16 17:04:28) [POST]
  Parameters: {"category"=>{"title"=>"Desserts", "description"=>"Desserts are sweet foods eaten purely for pleasure, typically at the end of a meal."}, "commit"=>"Create", "authenticity_token"=>"cvkCBEwBXCZPQnfDS4aoVvph4SAlsrn06FylS43wGW4="}
  [4;36;1mCategory Columns (0.8ms)[0m   [0;1mSHOW FIELDS FROM `categories`[0m
  [4;35;1mSQL (0.1ms)[0m   [0mBEGIN[0m
  [4;36;1mCategory Create (0.2ms)[0m   [0;1mINSERT INTO `categories` (`created_at`, `title`, `updated_at`, `description`) VALUES('2010-04-16 14:04:28', 'Desserts', '2010-04-16 14:04:28', 'Desserts are sweet foods eaten purely for pleasure, typically at the end of a meal.')[0m
  [4;35;1mSQL (1.9ms)[0m   [0mCOMMIT[0m
Redirected to http://localhost:3000/categories/2
Completed in 16ms (DB: 3) | 302 Found [http://localhost/categories]
  [4;36;1mSQL (0.1ms)[0m   [0;1mSET NAMES 'utf8'[0m
  [4;35;1mSQL (0.1ms)[0m   [0mSET SQL_AUTO_IS_NULL=0[0m


Processing CategoriesController#show (for 127.0.0.1 at 2010-04-16 17:04:28) [GET]
  Parameters: {"id"=>"2"}
  [4;36;1mCategory Columns (1.6ms)[0m   [0;1mSHOW FIELDS FROM `categories`[0m
  [4;35;1mCategory Load (0.2ms)[0m   [0mSELECT * FROM `categories` WHERE (`categories`.`id` = 2) [0m
Rendering template within layouts/categories
Rendering categories/show
Completed in 17ms (View: 7, DB: 2) | 200 OK [http://localhost/categories/2]
  [4;36;1mSQL (0.1ms)[0m   [0;1mSET NAMES 'utf8'[0m
  [4;35;1mSQL (0.1ms)[0m   [0mSET SQL_AUTO_IS_NULL=0[0m


Processing CategoriesController#index (for 127.0.0.1 at 2010-04-16 17:04:31) [GET]
  [4;36;1mCategory Load (0.3ms)[0m   [0;1mSELECT * FROM `categories` [0m
Rendering template within layouts/categories
Rendering categories/index
  [4;35;1mCategory Columns (0.6ms)[0m   [0mSHOW FIELDS FROM `categories`[0m
Completed in 18ms (View: 11, DB: 1) | 200 OK [http://localhost/categories]
  [4;36;1mSQL (0.1ms)[0m   [0;1mSET NAMES 'utf8'[0m
  [4;35;1mSQL (0.1ms)[0m   [0mSET SQL_AUTO_IS_NULL=0[0m


Processing CategoriesController#edit (for 127.0.0.1 at 2010-04-16 17:04:34) [GET]
  Parameters: {"id"=>"2"}
  [4;36;1mCategory Columns (0.8ms)[0m   [0;1mSHOW FIELDS FROM `categories`[0m
  [4;35;1mCategory Load (0.1ms)[0m   [0mSELECT * FROM `categories` WHERE (`categories`.`id` = 2) [0m
Rendering template within layouts/categories
Rendering categories/edit
Completed in 18ms (View: 8, DB: 1) | 200 OK [http://localhost/categories/2/edit]
  [4;36;1mSQL (0.1ms)[0m   [0;1mSET NAMES 'utf8'[0m
  [4;35;1mSQL (0.1ms)[0m   [0mSET SQL_AUTO_IS_NULL=0[0m


Processing CategoriesController#index (for 127.0.0.1 at 2010-04-16 17:04:35) [GET]
  [4;36;1mCategory Load (0.1ms)[0m   [0;1mSELECT * FROM `categories` [0m
Rendering template within layouts/categories
Rendering categories/index
  [4;35;1mCategory Columns (0.7ms)[0m   [0mSHOW FIELDS FROM `categories`[0m
Completed in 23ms (View: 14, DB: 1) | 200 OK [http://localhost/categories]
